<?xml version="1.0" encoding="UTF-8"?>
<!-- Generated by org.testng.reporters.JUnitReportReporter -->
<testsuite skipped="0" hostname="DESKTOP-MD2112N" name="com.appiumframework.ProductsPriceValidation" tests="1" failures="0" timestamp="2020-03-23T10:57:23 AEDT" time="48.271" errors="0">
  <testcase name="priceValidationTest" time="48.271" classname="com.appiumframework.ProductsPriceValidation"/>
</testsuite> <!-- com.appiumframework.ProductsPriceValidation -->
