<?xml version="1.0" encoding="UTF-8"?>
<!-- Generated by org.testng.reporters.JUnitReportReporter -->
<testsuite skipped="0" hostname="DESKTOP-MD2112N" name="com.appiumframework.testcases.ProductsPriceValidation" tests="2" failures="0" timestamp="2020-03-24T07:23:25 AEDT" time="96.442" errors="0">
  <testcase name="priceValidationTest" time="38.494" classname="com.appiumframework.testcases.ProductsPriceValidation"/>
  <testcase name="priceValidationTest" time="57.948" classname="com.appiumframework.testcases.ProductsPriceValidation"/>
</testsuite> <!-- com.appiumframework.testcases.ProductsPriceValidation -->
