<?xml version="1.0" encoding="UTF-8"?>
<!-- Generated by org.testng.reporters.JUnitReportReporter -->
<testsuite skipped="0" hostname="DESKTOP-MD2112N" name="com.appiumframework.testcases.ApiDemoTestPageObject" tests="2" failures="0" timestamp="2020-03-24T07:31:24 AEDT" time="68.195" errors="0">
  <testcase name="ApiDemoTest" time="29.450" classname="com.appiumframework.testcases.ApiDemoTestPageObject"/>
  <testcase name="ApiDemoTest" time="38.745" classname="com.appiumframework.testcases.ApiDemoTestPageObject"/>
</testsuite> <!-- com.appiumframework.testcases.ApiDemoTestPageObject -->
