<?xml version="1.0" encoding="UTF-8"?>
<!-- Generated by org.testng.reporters.JUnitReportReporter -->
<testsuite hostname="DESKTOP-MD2112N" name="com.appiumframework.testcases.ApiDemoTestPageObject" tests="2" failures="0" timestamp="24 Mar 2020 00:15:27 GMT" time="58.299" errors="0">
  <testcase name="ApiDemoTest" time="29.108" classname="com.appiumframework.testcases.ApiDemoTestPageObject"/>
  <testcase name="ApiDemoTest" time="29.191" classname="com.appiumframework.testcases.ApiDemoTestPageObject"/>
</testsuite> <!-- com.appiumframework.testcases.ApiDemoTestPageObject -->
