<?xml version="1.0" encoding="UTF-8"?>
<!-- Generated by org.testng.reporters.JUnitReportReporter -->
<testsuite hostname="DESKTOP-MD2112N" name="com.appiumframework.testcases.ProductsPriceValidation" tests="2" failures="0" timestamp="24 Mar 2020 00:15:27 GMT" time="76.403" errors="0">
  <testcase name="priceValidationTest" time="38.038" classname="com.appiumframework.testcases.ProductsPriceValidation"/>
  <testcase name="priceValidationTest" time="38.365" classname="com.appiumframework.testcases.ProductsPriceValidation"/>
</testsuite> <!-- com.appiumframework.testcases.ProductsPriceValidation -->
